[INFO ] 2024-08-04 08:55:37,625 DriverFactory.initiate_browser() -  >>>>>> Browser value is : Chrome
[INFO ] 2024-08-04 08:55:39,224 DriverFactory.initiate_browser() - Chrome browser opened 
[INFO ] 2024-08-04 08:55:42,268 DriverFactory.initiate_browser() - Application URL is : https://usp.monocept.ai/ABHI/
[INFO ] 2024-08-04 08:55:42,436 LoginSteps.agent_launched_the_browser_and_entered_url() -  >>>>>>>>>> User Sucessfully launched browser and entered Url 
[INFO ] 2024-08-04 08:55:42,506 LoginSteps.verify_agent_landed_on_page() -  >>>>>>>>>> User Landed on dashboard  Aditya Birla Health Insurance
[INFO ] 2024-08-04 08:55:42,517 LoginSteps.agent_entered() -  Key is : Username
[INFO ] 2024-08-04 08:55:42,518 LoginSteps.agent_entered() -  Value is : pratik@adityabirlacapital.com
[INFO ] 2024-08-04 08:55:42,575 CommonObjects.enterTextByPlaceholder() - 
[INFO ] 2024-08-04 08:55:43,382 LoginSteps.agent_entered() -  >>>>>>>>>> User entered :  Username
[INFO ] 2024-08-04 08:55:43,388 LoginSteps.agent_entered() -  Key is : Password
[INFO ] 2024-08-04 08:55:43,388 LoginSteps.agent_entered() -  Value is : 12345
[INFO ] 2024-08-04 08:55:43,442 CommonObjects.enterTextByPlaceholder() - 
[INFO ] 2024-08-04 08:55:44,229 LoginSteps.agent_entered() -  >>>>>>>>>> User entered :  Password
[INFO ] 2024-08-04 08:55:44,293 CommonObjects.clickOnButtonByClass() - Login
[INFO ] 2024-08-04 08:55:50,357 LoginSteps.agent_clicked_on_button() -  >>>>>>>>>> User clicked on login-button
[INFO ] 2024-08-04 08:55:53,471 ProductJourney.user_selected_product_item_as() -  >>>>>>  User clicked on : Activ Health Enhanced
[INFO ] 2024-08-04 08:55:58,224 ProductJourney.user_selected_for_test_case() -  >>>>> User selected New Business
[INFO ] 2024-08-04 08:56:04,157 ProductJourney.user_entered_for_test_case() -  >>>>> User Entered : 10-10-1995
[INFO ] 2024-08-04 08:56:07,670 ProductJourney.user_selected_for_test_case() -  >>>>> User selected Male
[INFO ] 2024-08-04 08:56:14,500 ProductJourney.user_selected_for_test_case() -  >>>>> User selected 600000
[INFO ] 2024-08-04 08:56:20,246 ProductJourney.user_entered_for_test_case() -  >>>>> User Entered : 508217
